0:100  0:100  MemLog inited, TSC freq: 3192609929
0:100  0:000  CPU was calibrated with ACPI PM Timer
0:100  0:000  
0:100  0:000  Now is 06.08.2020,  21:53:53 (GMT)
0:100  0:000  Starting Clover revision: 5119 (HEAD, commit 0f5da727e) on American Megatrends EFI
0:100  0:000  Build with: [Args: -D NO_GRUB_DRIVERS_EMBEDDED -t GCC53 | -D NO_GRUB_DRIVERS_EMBEDDED --conf=/Users/macman/CloverBootloader/Conf -D USE_LOW_EBDA -a X64 -b RELEASE -t GCC53 -n 17 | OS: 10.14.6]
0:100  0:000  SelfDevicePath=PciRoot(0x0)\Pci(0x1D,0x0)\USB(0x1,0x0)\USB(0x5,0x0)\HD(1,GPT,F788900C-280A-4E02-A679-780D75B9B161,0x28,0x64000) @D16D5C18
0:100  0:000  SelfDirPath = \EFI\BOOT
0:101  0:001  Clover : Image base = 0xD595F000
0:101  0:000  SimpleTextEx Status=Success
0:101  0:000  === [ Get Smbios ] ==============================
0:101  0:000  Type 16 Index = 0
0:101  0:000  Total Memory Slots Count = 2
0:101  0:000  Type 17 Index = 0
0:101  0:000  SmbiosTable.Type17->Speed = 1600MHz
0:101  0:000  SmbiosTable.Type17->Size = 8192MB
0:101  0:000  SmbiosTable.Type17->Bank/Device =  DIMM1
0:101  0:000  SmbiosTable.Type17->Vendor = 0000
0:101  0:000  SmbiosTable.Type17->SerialNumber = 03B00B065005
0:101  0:000  SmbiosTable.Type17->PartNumber =                   
0:101  0:000  Type 17 Index = 1
0:101  0:000  SmbiosTable.Type17->Speed = 1333MHz
0:101  0:000  SmbiosTable.Type17->Size = 8192MB
0:101  0:000  SmbiosTable.Type17->Bank/Device =  DIMM2
0:101  0:000  SmbiosTable.Type17->Vendor = 1315
0:101  0:000  SmbiosTable.Type17->SerialNumber = 0D70D600C0A6
0:101  0:000  SmbiosTable.Type17->PartNumber = BLS8G3D1339DS1S00.
0:101  0:000  Boot status=0
0:101  0:000  Running on: 'OptiPlex 302016342C04UR_' with board '0VHWTR'
0:101  0:000  === [ GetCPUProperties ] ========================
0:101  0:000  CPU Vendor = 756E6547 Model=306C3
0:101  0:000   The CPU supported SSE4.1
0:101  0:000  BrandString = Intel(R) Core(TM) i5-4570 CPU @ 3.20GHz
0:101  0:000   The CPU supported turbo
0:101  0:000  MSR 0x35               40004
0:101  0:000  MSR 0xE2 before patch 1E008405
0:101  0:000  MSR 0xE2 is locked, PM patches will be turned on
0:101  0:000  MSR 0xCE              00080838_F3012000
0:101  0:000  corrected FLEX_RATIO = 0
0:101  0:000  MSR 0x1B0             00000000
0:101  0:000  FSBFrequency = 100 MHz, DMI FSBFrequency = 100 MHz, Corrected FSBFrequency = 100 MHz
0:101  0:000  MaxDiv/MinDiv: 32.0/8
0:101  0:000  Turbo: 34/35/36/36
0:101  0:000  Features: 0x77FAFBFFBFEBFBFF
0:101  0:000  Threads: 4
0:101  0:000  Cores: 4
0:101  0:000  FSB: 100 MHz
0:101  0:000  CPU: 3200 MHz
0:101  0:000  TSC: 3200 MHz
0:101  0:000  PIS: 100 MHz
0:101  0:000  ExternalClock: 25 MHz
0:101  0:000  === [ GetDevices ] ==============================
0:101  0:000  GOP found at: PciRoot(0x0)/Pci(0x2,0x0)/AcpiAdr(0x80016310)
0:101  0:000  PCI (00|00:00.00) : 8086 0C00 class=060000
0:101  0:000  PCI (00|00:02.00) : 8086 0412 class=030000
0:101  0:000   - GOP: Provided by device
0:101  0:000   - GFX: Model=Intel HD Graphics 4600 (Intel)
0:101  0:000  PCI (00|00:03.00) : 8086 0C0C class=040300
0:101  0:000  PCI (00|00:14.00) : 8086 8C31 class=0C0330
0:101  0:000  PCI (00|00:16.00) : 8086 8C3A class=078000
0:101  0:000  PCI (00|00:16.01) : FFFF FFFF class=FFFFFF
0:101  0:000  PCI (00|00:1A.00) : 8086 8C2D class=0C0320
0:101  0:000  PCI (00|00:1B.00) : 8086 8C20 class=040300
0:101  0:000  PCI (00|00:1C.00) : 8086 8C10 class=060400
0:101  0:000  PCI (00|00:1C.03) : 8086 8C16 class=060400
0:101  0:000  PCI (00|02:00.00) : 10EC 8168 class=020000
0:101  0:000   - LAN: 0 Vendor=Realtek
0:101  0:000  PCI (00|00:1D.00) : 8086 8C26 class=0C0320
0:101  0:000  PCI (00|00:1F.00) : 8086 8C5C class=060100
0:101  0:000  PCI (00|00:1F.02) : 8086 8C02 class=010601
0:101  0:000  PCI (00|00:1F.03) : 8086 8C22 class=0C0500
0:101  0:000  PCI (00|00:1F.06) : FFFF FFFF class=FFFFFF
0:101  0:000  === [ GetDefaultSettings ] ======================
0:101  0:000  Clover load options size = 154 bytes
0:105  0:003  CheckOEMPathExists tried EFI\CLOVER\OEM\OptiPlex 302016342C04UR_--00-00-00-00-00-00. Dir not exists
0:105  0:000  CheckOEMPathExists tried EFI\CLOVER\OEM\0VHWTR\UEFI. Dir not exists
0:105  0:000  CheckOEMPathExists tried EFI\CLOVER\OEM\OptiPlex 302016342C04UR_. Dir not exists
0:105  0:000  CheckOEMPathExists tried EFI\CLOVER\OEM\OptiPlex 302016342C04UR_-3200. Dir not exists
0:105  0:000  CheckOEMPathExists tried EFI\CLOVER\OEM\0VHWTR. Dir not exists
0:105  0:000  CheckOEMPathExists tried EFI\CLOVER\OEM\0VHWTR-3200. Dir not exists
0:105  0:000  set OEMPath by default: EFI\CLOVER
0:105  0:000  EFI\CLOVER\.plist not loaded with name from LoadOptions: Not Found
0:105  0:000  CheckOEMPathExists tried EFI\CLOVER\OEM\OptiPlex 302016342C04UR_--00-00-00-00-00-00. Dir not exists
0:105  0:000  CheckOEMPathExists tried EFI\CLOVER\OEM\0VHWTR\UEFI. Dir not exists
0:105  0:000  CheckOEMPathExists tried EFI\CLOVER\OEM\OptiPlex 302016342C04UR_. Dir not exists
0:105  0:000  CheckOEMPathExists tried EFI\CLOVER\OEM\OptiPlex 302016342C04UR_-3200. Dir not exists
0:105  0:000  CheckOEMPathExists tried EFI\CLOVER\OEM\0VHWTR. Dir not exists
0:105  0:000  CheckOEMPathExists tried EFI\CLOVER\OEM\0VHWTR-3200. Dir not exists
0:105  0:000  set OEMPath by default: EFI\CLOVER
0:107  0:002  EFI\CLOVER\config.plist loaded: Success
0:107  0:000  === [ GetListOfThemes ] =========================
0:109  0:002  - [00]: EMBEDDED
0:111  0:001  - [00]: RANDOM
0:113  0:002  - [00]: tonymacx86
0:117  0:003  === [ Found config plists ] =====================
0:117  0:000  - config.plist
0:117  0:000  === [ GetEarlyUserSettings ] ====================
0:117  0:000  timeout set to 3
0:117  0:000  Custom boot CUSTOM_BOOT_DISABLED (0x0)
0:272  0:154   get BlueValue=1.200000
0:276  0:003  KextsToPatch: 2 requested
0:279  0:003   - [00]: com.apple.iokit.IOUSBHostFamily (USB port limit patch #1 10.15.x by pmheart, daliansky and ydeng) :: MatchOS: 10.15.x :: BinPatch :: data len: 4
0:299  0:020   - [01]: com.apple.driver.usb.AppleUSBXHCI (USB port limit patch #2 10.15.x by pmheart, daliansky and ydeng) :: MatchOS: 10.15.x :: BinPatch :: data len: 4
0:323  0:024  Default theme: tonymacx86
0:326  0:003  Hiding entries with string Windows
0:330  0:003  Hiding entries with string BOOTX64.EFI
0:335  0:005  === [ LoadDrivers ] =============================
0:340  0:005  Loading ApfsDriverLoader.efi  status=Success
0:352  0:012   - driver needs connecting
0:355  0:002  Loading AptioMemoryFix.efi  status=Success
0:370  0:014  Loading AudioDxe.efi  status=Success
0:384  0:014   - driver needs connecting
0:389  0:005  Loading DataHubDxe.efi  status=Success
0:406  0:016  Loading FSInject.efi  status=Success
0:422  0:015  Loading VBoxHfs.efi  status=Success
0:436  0:014   - driver needs connecting
0:440  0:003  Loading VirtualSmc.efi  status=Success
0:556  0:116  3 drivers needs connecting ...
0:560  0:004  PlatformDriverOverrideProtocol not found. Installing ... Success
0:567  0:007  APFS driver loaded
0:572  0:004  Searching for invalid DiskIo BY_DRIVER connects: not found, all ok
4:768  4:195  === [ InitScreen ] ==============================
4:772  0:004  Console modes reported: 4, available modes:
4:776  0:003   - [01]: 80x25
4:780  0:003   - [02]: 80x50
4:784  0:003   - [03]: 100x31
4:787  0:003   - [04]: 210x55 (current mode)
4:791  0:003  SetScreenResolution: 1920x1080 - not found!
4:799  0:007  SetMaxResolution: found best mode 0: 1680x1050
4:806  0:007   - already set
4:810  0:003  reinit: self device path=PciRoot(0x0)\Pci(0x1D,0x0)\USB(0x1,0x0)\USB(0x5,0x0)\HD(1,GPT,F788900C-280A-4E02-A679-780D75B9B161,0x28,0x64000)
4:817  0:006  new SelfHandle=D16D5C18
4:822  0:005  Using embedded font
4:827  0:004  === [ GetMacAddress ] ===========================
4:830  0:003  MAC address of LAN #0= F8:BC:12:5E:18:C1:
4:860  0:029  === [ ScanSPD ] =================================
4:864  0:003  Scanning SMBus [8086:8C22], mmio: 0xF7D19004, ioport: 0xF040, hostc: 0x11
4:878  0:014  Slot: 0 Type 24 8192MB 1600MHz Vendor=NoName PartNo= SerialNo=05650B3B
4:900  0:022  Slot: 2 Type 24 8192MB 1333MHz Vendor=Crucial Technology PartNo=BLS8G3D1339DS1S00. SerialNo=A60CD6D7
4:911  0:010  === [ GetAcpiTablesList ] =======================
4:914  0:003  Get Acpi Tables List from RSDT:
4:921  0:006   - [00]: FACP  CBX3    len=132
4:925  0:004   - [01]: APIC  CBX3    len=114
4:929  0:003   - [02]: FPDT  CBX3    len=68
4:933  0:003   - [03]: SLIC  CBX3    len=374
4:936  0:003   - [04]: LPIT  CBX3    len=92
4:940  0:003   - [05]: SSDT  Cpu0Ist len=1337
4:943  0:003   - [06]: SSDT  CpuPm len=2776
4:949  0:006   - [07]: SSDT  LakeTiny len=455
4:953  0:003   - [08]: HPET  CBX3    len=56
4:956  0:003   - [09]: SSDT  SataTabl len=877
4:960  0:003   - [10]: MCFG  CBX3    len=60
4:965  0:004   - [11]: SSDT  SaSsdt  len=13537
4:968  0:003   - [12]: MSDM  CBX3    len=85
4:972  0:003   - [13]: BGRT   len=56
4:975  0:003  Calibrated TSC Frequency = 3192609929 = 3192MHz
4:979  0:004  === [ GetUserSettings ] =========================
4:982  0:003  USB FixOwnership: no
4:985  0:003  Dropping 1 tables:
4:991  0:005   - [00]: Drop table  signature="MATS" (5354414D)
4:997  0:006  ----
5:000  0:003           - set table: 5354414D,                0 to drop: no
5:006  0:006   - final DSDT Fix mask=00000000
5:009  0:003  Using ProductName from config: iMac14,2
5:013  0:003  BiosVersion: not set, Using BiosVersion from clover
5:016  0:003  BiosVersion: IM142.88Z.F000.B00.2004121453
5:019  0:003  BiosReleaseDate: 04/12/2020
5:022  0:003  Using EfiVersion from clover: 143.0.0.0.0
5:025  0:003  Using FirmwareFeatures from clover: 0xE00FE137
5:031  0:006  Using FirmwareFeaturesMask from clover: 0xFF1FFF3F
5:034  0:003  Using PlatformFeature from clover: 0x1
5:039  0:004  === [ Found DSDT tables ] =======================
5:077  0:038  === [ ScanVolumes ] =============================
5:082  0:004  Found 8 volumes with blockIO
5:085  0:003  - [00]: Volume: PciRoot(0x0)\Pci(0x1D,0x0)\USB(0x1,0x0)\USB(0x5,0x0)
5:093  0:007  - [01]: Volume: PciRoot(0x0)\Pci(0x1D,0x0)\USB(0x1,0x0)\USB(0x5,0x0)\HD(1,GPT,F788900C-280A-4E02-A679-780D75B9B161,0x28,0x64000)
5:102  0:008          Result of bootcode detection: bootable unknown (legacy)
5:112  0:010          This is SelfVolume !!
5:115  0:003  - [02]: Volume: PciRoot(0x0)\Pci(0x1D,0x0)\USB(0x1,0x0)\USB(0x5,0x0)\HD(2,GPT,C5D94BC1-A6B6-4437-8C23-2CE0DFF35440,0x64028,0x1F5BFB0)
5:127  0:012  - [03]: Volume: PciRoot(0x0)\Pci(0x1F,0x2)\Sata(0x0,0xFFFF,0x0)
5:163  0:035  - [04]: Volume: PciRoot(0x0)\Pci(0x1F,0x2)\Sata(0x0,0xFFFF,0x0)\HD(1,GPT,36807B11-CFB6-441D-9259-C6FA662D2A22,0x800,0xF9800)
5:172  0:009          Result of bootcode detection: bootable Windows (vista,win)
5:178  0:006  - [05]: Volume: PciRoot(0x0)\Pci(0x1F,0x2)\Sata(0x0,0xFFFF,0x0)\HD(2,GPT,71FFB056-AF46-473F-9BF0-27B0B31B2FCF,0xFA000,0x32000)
5:190  0:012          Result of bootcode detection: bootable Windows (vista,win)
5:206  0:016  - [06]: Volume: PciRoot(0x0)\Pci(0x1F,0x2)\Sata(0x0,0xFFFF,0x0)\HD(3,GPT,A1914DA3-2F07-4071-9CD2-7E8419A5ABD8,0x12C000,0x8000)
5:219  0:012  - [07]: Volume: PciRoot(0x0)\Pci(0x1F,0x2)\Sata(0x0,0xFFFF,0x0)\HD(4,GPT,A16CA4DE-58F3-4F99-A5DB-334A4300DCAB,0x134000,0x57412000)
5:240  0:020          Result of bootcode detection: bootable unknown (legacy)
5:245  0:005  found 2 handles with audio
5:249  0:003  No AudioIoDevice stored
5:253  0:003  no stored audio parameters
5:256  0:003  Found Audio Device Intel Haswell HDMI (HDMI) at index 0
5:260  0:003  Found Audio Device Realtek ALC280 (Speaker) at index 1
5:264  0:003  Found Audio Device Realtek ALC280 (Headphones) at index 2
5:271  0:007  Found Audio Device Realtek ALC280 (LineOut) at index 3
5:274  0:003  === [ InitXTheme ] ==============================
5:278  0:003  use Daylight theme
5:286  0:008  Using theme 'tonymacx86' (EFI\CLOVER\themes\tonymacx86)
5:290  0:003  chosen theme tonymacx86
5:534  0:244  sound play end with status=Device Error
5:541  0:006  theme inited
5:545  0:003  Chosen theme tonymacx86
5:548  0:003  found boot-args in NVRAM:-v debug=0x100 keepsyms=1, size=26
5:555  0:006  ...found arg:-v
5:559  0:003  ...adding arg:-v
5:562  0:003  ...found arg:debug=0x100
5:566  0:003  ...adding arg:debug=0x100
5:570  0:004  ...found arg:keepsyms=1
5:574  0:003  ...adding arg:keepsyms=1
5:578  0:003  after NVRAM boot-args=dart=0 nv_disable=1 -v debug=0x100 keepsyms=1 
5:581  0:003  Scanning legacy ...
5:587  0:005  IconName=vista,win comma=5 size=9
5:590  0:003    first=os_vista
5:594  0:003  IconName=vista,win comma=5 size=9
5:597  0:003    first=os_vista
5:601  0:003  === [ Dump SMC keys from NVRAM ] ================
5:607  0:006  found AppleSMC protocol
5:614  0:007  === [ ScanLoader ] ==============================
5:618  0:003  - [01]: 'EFI'
5:626  0:008          AddLoaderEntry for Volume Name=EFI
5:630  0:003          skipped because entry is hidden
5:634  0:003  - [02]: 'Install macOS Catalina'
5:644  0:010          AddLoaderEntry for Volume Name=Install macOS Catalina
5:651  0:006  IconName=cata,mac comma=4 size=8
5:654  0:003    first=os_cata
5:657  0:003   Show badge as OSImage.    Loader entry created for 'PciRoot(0x0)\Pci(0x1D,0x0)\USB(0x1,0x0)\USB(0x5,0x0)\HD(2,GPT,C5D94BC1-A6B6-4437-8C23-2CE0DFF35440,0x64028,0x1F5BFB0)\System\Library\CoreServices\boot.efi'
5:667  0:010  - [05]: 'EFI'
5:679  0:011          AddLoaderEntry for Volume Name=EFI
5:682  0:003  IconName=vista,win comma=5 size=9
5:685  0:003    first=os_vista
5:689  0:003   Show badge as OSImage.    Loader entry created for 'PciRoot(0x0)\Pci(0x1F,0x2)\Sata(0x0,0xFFFF,0x0)\HD(2,GPT,71FFB056-AF46-473F-9BF0-27B0B31B2FCF,0xFA000,0x32000)\EFI\microsoft\Boot\bootmgfw.efi'
5:737  0:047    found entry manjaro,linux
5:741  0:003          AddLoaderEntry for Volume Name=EFI
5:745  0:003   linux image not found
5:749  0:004  IconName=linux comma=-1 size=5
5:753  0:003    Full=linux
5:756  0:003   Show badge as OSImage.    Loader entry created for 'PciRoot(0x0)\Pci(0x1F,0x2)\Sata(0x0,0xFFFF,0x0)\HD(2,GPT,71FFB056-AF46-473F-9BF0-27B0B31B2FCF,0xFA000,0x32000)\EFI\Manjaro\grubx64.efi'
5:781  0:024          AddLoaderEntry for Volume Name=EFI
5:788  0:007          skipped because entry is hidden
5:791  0:003  === [ AddCustomTool ] ===========================
5:796  0:004  === [ GetEfiBootDeviceFromNvram ] ===============
5:800  0:003  Default boot entry not found
5:803  0:003  BannerPlace at Clear Screen [770,232]
5:840  0:036  AnimeRun=0
5:879  0:038  GUI ready
15:533  9:654  AnimeRun=0
16:245  0:711  Boot option Boot0000 not found
16:252  0:006  === [ StartLoader ] =============================
16:259  0:006  Finally: ExternalClock=25MHz BusSpeed=99770kHz CPUFreq=3193MHz PIS: hw.busfrequency=100000000Hz
16:266  0:007  start loader
16:270  0:003  Loading boot.efi  status=Success
16:478  0:208  GetOSVersion: 10.15.6 (19G2006)
16:486  0:007  CSR_CFG: CSR_ALLOW_UNTRUSTED_KEXTS | CSR_ALLOW_UNRESTRICTED_FS
16:491  0:005  Filtering KextPatches:
16:496  0:005   - [00]: com.apple.iokit.IOUSBHostFamily (USB port limit patch #1 10.15.x by pmheart, daliansky and ydeng) :: BinPatch :: [OS: 10.15.6 | MatchOS: 10.15.x | MatchBuild: All] ==> allowed
16:506  0:009   - [01]: com.apple.driver.usb.AppleUSBXHCI (USB port limit patch #2 10.15.x by pmheart, daliansky and ydeng) :: BinPatch :: [OS: 10.15.6 | MatchOS: 10.15.x | MatchBuild: All] ==> allowed
16:514  0:008  Will not patch boot.efi
16:518  0:003  === [ PatchSmbios ] =============================
16:521  0:002  insert table 9 for dev 0:0
16:524  0:003  Table 11 present, but rewritten for us
16:527  0:003  Detected alternating SMBIOS channel banks
16:533  0:005  Channels: 2
16:536  0:003  Interleave: 0 2 1 3 4 6 5 7 8 10 9 11 12 14 13 15 16 18 17 19 20 22 21 23
16:621  0:084  SPD data in use:
16:624  0:002  SmbiosTable.Type17->Vendor = NoName
16:627  0:002  SmbiosTable.Type17->SerialNumber = 05650B3B
16:629  0:002  SmbiosTable.Type17->PartNumber = 
16:632  0:002  SMBIOS Type 17 Index = 0 => 0 0:
16:635  0:003  BANK 0 DIMM0 1600MHz 8192MB(Ext:0MB)
16:638  0:002  SPD data in use:
16:641  0:002  SmbiosTable.Type17->Vendor = Crucial Technology
16:646  0:005  SmbiosTable.Type17->SerialNumber = A60CD6D7
16:649  0:002  SmbiosTable.Type17->PartNumber = BLS8G3D1339DS1S00.
16:652  0:002  SMBIOS Type 17 Index = 1 => 1 2:
16:655  0:003  BANK 1 DIMM0 1600MHz 8192MB(Ext:0MB)
16:658  0:002  mTotalSystemMemory = 16384
16:661  0:002  NumberOfMemoryDevices = 2
16:664  0:002  Type20[0]->End = 0x7FFFFF, Type17[0] = 2000
16:667  0:002  Type20[1]->End = 0xFFFFFF, Type17[1] = 6000
16:670  0:003  Table 131 is present, CPUType=14
16:673  0:002  Change to: 605
16:678  0:005  === [ PatchACPI ] ===============================
16:681  0:002  Xsdt reallocation done
16:684  0:002  old FADT length=10C
16:687  0:002   SignatureFixup: 0x14 -> 0x0
16:692  0:004  Apply DsdtFixMask=0x00000000
16:695  0:002  === [ FixBiosDsdt ] =============================
16:698  0:003    0 replacements
16:701  0:003  PreCleanup XSDT: count=14, length=148
16:704  0:002  PreCleanup XSDT, corrected XSDT: count=14, length=148
16:706  0:002  === [ ACPIDropTables ] ==========================
16:711  0:004    0 replacements
16:714  0:002    0 replacements
16:717  0:002  Found OperationRegion(PPMT, SystemMemory, DA7FFE18, ...)
16:720  0:002    0 replacements
16:723  0:002    0 replacements
16:726  0:002    0 replacements
16:729  0:003  Found OperationRegion(SANV, SystemMemory, DA7FDC18, ...)
16:732  0:002  Found OperationRegion(CCDC, SystemMemory, 80000000, ...)
16:735  0:003  ApicCPUNum=4
16:738  0:002  Cleanup XSDT: count=14, length=148
16:741  0:002  corrected XSDT count=14, length=148
16:746  0:005  === [ RestSetup macOS ] =========================
16:749  0:002  Intel HD Graphics 4600 [8086:0412] :: PciRoot(0x0)\Pci(0x2,0x0)
16:752  0:002    FakeID Intel GFX = 0x12345678
16:755  0:002    Intel: no default properties
16:758  0:002  Intel GFX revision  = 0x6
16:761  0:002   setting specified layout-id=1 (0x1)
16:764  0:003   setting specified layout-id=1 (0x1)
16:767  0:002  stringlength = 1060
16:770  0:002  CurrentMode: Width=1680 Height=1050
16:772  0:002  Beginning FSInjection
16:790  0:018  Use origin smbios table type 1 guid.
16:795  0:004  Preparing kexts injection for arch=x86_64 from EFI\CLOVER\kexts\Other
16:798  0:002  ->Extra kext: EFI\CLOVER\kexts\Other\WhateverGreen.kext (v.1.4.0)
16:845  0:047  ->Extra kext: EFI\CLOVER\kexts\Other\VirtualSMC.kext (v.1.1.4)
16:867  0:021  ->Extra kext: EFI\CLOVER\kexts\Other\RealtekRTL8111.kext (v.2.2.2)
16:919  0:052  ->Extra kext: EFI\CLOVER\kexts\Other\Lilu.kext (v.1.4.5)
16:945  0:025  ->Extra kext: EFI\CLOVER\kexts\Other\IntelMausi.kext (v.1.0.3)
16:974  0:028  ->Extra kext: EFI\CLOVER\kexts\Other\AtherosE2200Ethernet.kext (v.2.3.0)
16:992  0:017  ->Extra kext: EFI\CLOVER\kexts\Other\AppleIGB.kext (v.5.3.5)
17:038  0:046  ->Extra kext: EFI\CLOVER\kexts\Other\AHCI_Intel_Generic_SATA.kext (v.0.5)
17:047  0:008  Preparing kexts injection for arch=x86_64 from EFI\CLOVER\kexts\Off
17:050  0:003  Preparing kexts injection for arch=x86_64 from EFI\CLOVER\kexts\10
17:054  0:003  Preparing kexts injection for arch=x86_64 from EFI\CLOVER\kexts\10_install
17:061  0:006  Preparing kexts injection for arch=x86_64 from EFI\CLOVER\kexts\10.15
17:064  0:003  Preparing kexts injection for arch=x86_64 from EFI\CLOVER\kexts\10.15_install
17:068  0:003  Preparing kexts injection for arch=x86_64 from EFI\CLOVER\kexts\10.15.6
17:071  0:003  Preparing kexts injection for arch=x86_64 from EFI\CLOVER\kexts\10.15.6_install
17:076  0:004  Custom boot screen not used because entry has unset use graphics
17:081  0:004  Closing log
17:087  0:006  start image 'boot.efi'
17:091  0:003  Using load options 'boot.efi dart=0 nv_disable=1 -v debug=0x100 keepsyms=1 '
0:100  0:100  MemLog inited, TSC freq: 3192604719
0:100  0:000  CPU was calibrated with ACPI PM Timer
0:100  0:000  
0:100  0:000  Now is 06.08.2020,  22:01:24 (GMT)
0:100  0:000  Starting Clover revision: 5119 (HEAD, commit 0f5da727e) on American Megatrends EFI
0:100  0:000  Build with: [Args: -D NO_GRUB_DRIVERS_EMBEDDED -t GCC53 | -D NO_GRUB_DRIVERS_EMBEDDED --conf=/Users/macman/CloverBootloader/Conf -D USE_LOW_EBDA -a X64 -b RELEASE -t GCC53 -n 17 | OS: 10.14.6]
0:100  0:000  SelfDevicePath=PciRoot(0x0)\Pci(0x1D,0x0)\USB(0x1,0x0)\USB(0x5,0x0)\HD(1,GPT,F788900C-280A-4E02-A679-780D75B9B161,0x28,0x64000) @D1F32C18
0:100  0:000  SelfDirPath = \EFI\BOOT
0:101  0:001  Clover : Image base = 0xD595F000
0:101  0:000  SimpleTextEx Status=Success
0:101  0:000  === [ Get Smbios ] ==============================
0:101  0:000  Type 16 Index = 0
0:101  0:000  Total Memory Slots Count = 2
0:101  0:000  Type 17 Index = 0
0:101  0:000  SmbiosTable.Type17->Speed = 1600MHz
0:101  0:000  SmbiosTable.Type17->Size = 8192MB
0:101  0:000  SmbiosTable.Type17->Bank/Device =  DIMM1
0:101  0:000  SmbiosTable.Type17->Vendor = 0000
0:101  0:000  SmbiosTable.Type17->SerialNumber = 03B00B065005
0:101  0:000  SmbiosTable.Type17->PartNumber =                   
0:101  0:000  Type 17 Index = 1
0:101  0:000  SmbiosTable.Type17->Speed = 1333MHz
0:101  0:000  SmbiosTable.Type17->Size = 8192MB
0:101  0:000  SmbiosTable.Type17->Bank/Device =  DIMM2
0:101  0:000  SmbiosTable.Type17->Vendor = 1315
0:101  0:000  SmbiosTable.Type17->SerialNumber = 0D70D600C0A6
0:101  0:000  SmbiosTable.Type17->PartNumber = BLS8G3D1339DS1S00.
0:101  0:000  Boot status=0
0:101  0:000  Running on: 'OptiPlex 302016342C04UR_' with board '0VHWTR'
0:101  0:000  === [ GetCPUProperties ] ========================
0:101  0:000  CPU Vendor = 756E6547 Model=306C3
0:101  0:000   The CPU supported SSE4.1
0:101  0:000  BrandString = Intel(R) Core(TM) i5-4570 CPU @ 3.20GHz
0:101  0:000   The CPU supported turbo
0:101  0:000  MSR 0x35               40004
0:101  0:000  MSR 0xE2 before patch 1E008405
0:101  0:000  MSR 0xE2 is locked, PM patches will be turned on
0:101  0:000  MSR 0xCE              00080838_F3012000
0:101  0:000  corrected FLEX_RATIO = 0
0:101  0:000  MSR 0x1B0             00000000
0:101  0:000  FSBFrequency = 100 MHz, DMI FSBFrequency = 100 MHz, Corrected FSBFrequency = 100 MHz
0:101  0:000  MaxDiv/MinDiv: 32.0/8
0:101  0:000  Turbo: 34/35/36/36
0:101  0:000  Features: 0x77FAFBFFBFEBFBFF
0:101  0:000  Threads: 4
0:101  0:000  Cores: 4
0:101  0:000  FSB: 100 MHz
0:101  0:000  CPU: 3200 MHz
0:101  0:000  TSC: 3200 MHz
0:101  0:000  PIS: 100 MHz
0:101  0:000  ExternalClock: 25 MHz
0:101  0:000  === [ GetDevices ] ==============================
0:101  0:000  GOP found at: PciRoot(0x0)/Pci(0x2,0x0)/AcpiAdr(0x80016310)
0:101  0:000  PCI (00|00:00.00) : 8086 0C00 class=060000
0:101  0:000  PCI (00|00:02.00) : 8086 0412 class=030000
0:101  0:000   - GOP: Provided by device
0:101  0:000   - GFX: Model=Intel HD Graphics 4600 (Intel)
0:101  0:000  PCI (00|00:03.00) : 8086 0C0C class=040300
0:101  0:000  PCI (00|00:14.00) : 8086 8C31 class=0C0330
0:101  0:000  PCI (00|00:16.00) : 8086 8C3A class=078000
0:101  0:000  PCI (00|00:16.01) : FFFF FFFF class=FFFFFF
0:101  0:000  PCI (00|00:1A.00) : 8086 8C2D class=0C0320
0:101  0:000  PCI (00|00:1B.00) : 8086 8C20 class=040300
0:101  0:000  PCI (00|00:1C.00) : 8086 8C10 class=060400
0:101  0:000  PCI (00|00:1C.03) : 8086 8C16 class=060400
0:101  0:000  PCI (00|02:00.00) : 10EC 8168 class=020000
0:101  0:000   - LAN: 0 Vendor=Realtek
0:101  0:000  PCI (00|00:1D.00) : 8086 8C26 class=0C0320
0:101  0:000  PCI (00|00:1F.00) : 8086 8C5C class=060100
0:101  0:000  PCI (00|00:1F.02) : 8086 8C02 class=010601
0:101  0:000  PCI (00|00:1F.03) : 8086 8C22 class=0C0500
0:101  0:000  PCI (00|00:1F.06) : FFFF FFFF class=FFFFFF
0:101  0:000  === [ GetDefaultSettings ] ======================
0:101  0:000  Clover load options size = 154 bytes
0:105  0:003  CheckOEMPathExists tried EFI\CLOVER\OEM\OptiPlex 302016342C04UR_--00-00-00-00-00-00. Dir not exists
0:105  0:000  CheckOEMPathExists tried EFI\CLOVER\OEM\0VHWTR\UEFI. Dir not exists
0:105  0:000  CheckOEMPathExists tried EFI\CLOVER\OEM\OptiPlex 302016342C04UR_. Dir not exists
0:105  0:000  CheckOEMPathExists tried EFI\CLOVER\OEM\OptiPlex 302016342C04UR_-3200. Dir not exists
0:105  0:000  CheckOEMPathExists tried EFI\CLOVER\OEM\0VHWTR. Dir not exists
0:105  0:000  CheckOEMPathExists tried EFI\CLOVER\OEM\0VHWTR-3200. Dir not exists
0:105  0:000  set OEMPath by default: EFI\CLOVER
0:105  0:000  EFI\CLOVER\.plist not loaded with name from LoadOptions: Not Found
0:105  0:000  CheckOEMPathExists tried EFI\CLOVER\OEM\OptiPlex 302016342C04UR_--00-00-00-00-00-00. Dir not exists
0:105  0:000  CheckOEMPathExists tried EFI\CLOVER\OEM\0VHWTR\UEFI. Dir not exists
0:105  0:000  CheckOEMPathExists tried EFI\CLOVER\OEM\OptiPlex 302016342C04UR_. Dir not exists
0:105  0:000  CheckOEMPathExists tried EFI\CLOVER\OEM\OptiPlex 302016342C04UR_-3200. Dir not exists
0:105  0:000  CheckOEMPathExists tried EFI\CLOVER\OEM\0VHWTR. Dir not exists
0:105  0:000  CheckOEMPathExists tried EFI\CLOVER\OEM\0VHWTR-3200. Dir not exists
0:105  0:000  set OEMPath by default: EFI\CLOVER
0:106  0:001  EFI\CLOVER\config.plist loaded: Success
0:106  0:000  === [ GetListOfThemes ] =========================
0:107  0:000  - [00]: EMBEDDED
0:109  0:001  - [00]: RANDOM
0:110  0:001  - [00]: tonymacx86
0:113  0:002  === [ Found config plists ] =====================
0:113  0:000  - config.plist
0:113  0:000  === [ GetEarlyUserSettings ] ====================
0:113  0:000  timeout set to 3
0:113  0:000  Custom boot CUSTOM_BOOT_DISABLED (0x0)
0:260  0:146   get BlueValue=1.200000
0:263  0:003  KextsToPatch: 2 requested
0:267  0:003   - [00]: com.apple.iokit.IOUSBHostFamily (USB port limit patch #1 10.15.x by pmheart, daliansky and ydeng) :: MatchOS: 10.15.x :: BinPatch :: data len: 4
0:287  0:020   - [01]: com.apple.driver.usb.AppleUSBXHCI (USB port limit patch #2 10.15.x by pmheart, daliansky and ydeng) :: MatchOS: 10.15.x :: BinPatch :: data len: 4
0:307  0:019  Default theme: tonymacx86
0:310  0:002  Hiding entries with string Windows
0:313  0:002  Hiding entries with string BOOTX64.EFI
0:315  0:002  === [ LoadDrivers ] =============================
0:321  0:005  Loading ApfsDriverLoader.efi  status=Success
0:333  0:012   - driver needs connecting
0:341  0:007  Loading AptioMemoryFix.efi  status=Success
0:360  0:019  Loading AudioDxe.efi  status=Success
0:377  0:016   - driver needs connecting
0:380  0:003  Loading DataHubDxe.efi  status=Success
0:399  0:018  Loading FSInject.efi  status=Success
0:413  0:014  Loading VBoxHfs.efi  status=Success
0:430  0:016   - driver needs connecting
0:433  0:003  Loading VirtualSmc.efi  status=Success
0:547  0:113  3 drivers needs connecting ...
0:551  0:004  PlatformDriverOverrideProtocol not found. Installing ... Success
0:562  0:010  APFS driver loaded
0:565  0:003  Searching for invalid DiskIo BY_DRIVER connects: not found, all ok
5:009  4:443  === [ InitScreen ] ==============================
5:013  0:004  Console modes reported: 4, available modes:
5:017  0:003   - [01]: 80x25
5:020  0:003   - [02]: 80x50
5:024  0:003   - [03]: 100x31
5:028  0:004   - [04]: 210x55 (current mode)
5:032  0:003  SetScreenResolution: 1920x1080 - not found!
5:042  0:009  SetMaxResolution: found best mode 0: 1680x1050
5:051  0:008   - already set
5:054  0:002  reinit: self device path=PciRoot(0x0)\Pci(0x1D,0x0)\USB(0x1,0x0)\USB(0x5,0x0)\HD(1,GPT,F788900C-280A-4E02-A679-780D75B9B161,0x28,0x64000)
5:057  0:002  new SelfHandle=D1F32C18
5:061  0:004  Using embedded font
5:066  0:004  === [ GetMacAddress ] ===========================
5:069  0:002  MAC address of LAN #0= F8:BC:12:5E:18:C1:
5:093  0:024  === [ ScanSPD ] =================================
5:096  0:003  Scanning SMBus [8086:8C22], mmio: 0xF7D19004, ioport: 0xF040, hostc: 0x11
5:114  0:017  Slot: 0 Type 24 8192MB 1600MHz Vendor=NoName PartNo= SerialNo=05650B3B
5:137  0:023  Slot: 2 Type 24 8192MB 1333MHz Vendor=Crucial Technology PartNo=BLS8G3D1339DS1S00. SerialNo=A60CD6D7
5:143  0:005  === [ GetAcpiTablesList ] =======================
5:146  0:003  Get Acpi Tables List from RSDT:
5:152  0:006   - [00]: FACP  CBX3    len=132
5:156  0:003   - [01]: APIC  CBX3    len=114
5:160  0:004   - [02]: FPDT  CBX3    len=68
5:164  0:003   - [03]: SLIC  CBX3    len=374
5:169  0:005   - [04]: LPIT  CBX3    len=92
5:172  0:003   - [05]: SSDT  Cpu0Ist len=1337
5:176  0:003   - [06]: SSDT  CpuPm len=2776
5:179  0:003   - [07]: SSDT  LakeTiny len=455
5:182  0:003   - [08]: HPET  CBX3    len=56
5:185  0:003   - [09]: SSDT  SataTabl len=877
5:189  0:004   - [10]: MCFG  CBX3    len=60
5:192  0:003   - [11]: SSDT  SaSsdt  len=13537
5:196  0:003   - [12]: MSDM  CBX3    len=85
5:199  0:003   - [13]: BGRT   len=56
5:203  0:003  Calibrated TSC Frequency = 3192604719 = 3192MHz
5:210  0:007  === [ GetUserSettings ] =========================
5:214  0:003  USB FixOwnership: no
5:221  0:007  Dropping 1 tables:
5:230  0:008   - [00]: Drop table  signature="MATS" (5354414D)
5:237  0:006  ----
5:240  0:003           - set table: 5354414D,                0 to drop: no
5:248  0:007   - final DSDT Fix mask=00000000
5:251  0:003  Using ProductName from config: iMac14,2
5:254  0:002  BiosVersion: not set, Using BiosVersion from clover
5:257  0:003  BiosVersion: IM142.88Z.F000.B00.2004121453
5:263  0:005  BiosReleaseDate: 04/12/2020
5:266  0:003  Using EfiVersion from clover: 143.0.0.0.0
5:270  0:003  Using FirmwareFeatures from clover: 0xE00FE137
5:273  0:003  Using FirmwareFeaturesMask from clover: 0xFF1FFF3F
5:278  0:004  Using PlatformFeature from clover: 0x1
5:283  0:004  === [ Found DSDT tables ] =======================
5:722  0:439  === [ ScanVolumes ] =============================
5:731  0:008  Found 8 volumes with blockIO
5:735  0:003  - [00]: Volume: PciRoot(0x0)\Pci(0x1D,0x0)\USB(0x1,0x0)\USB(0x5,0x0)
5:746  0:011  - [01]: Volume: PciRoot(0x0)\Pci(0x1D,0x0)\USB(0x1,0x0)\USB(0x5,0x0)\HD(1,GPT,F788900C-280A-4E02-A679-780D75B9B161,0x28,0x64000)
5:754  0:008          Result of bootcode detection: bootable unknown (legacy)
5:767  0:013          This is SelfVolume !!
5:771  0:003  - [02]: Volume: PciRoot(0x0)\Pci(0x1D,0x0)\USB(0x1,0x0)\USB(0x5,0x0)\HD(2,GPT,C5D94BC1-A6B6-4437-8C23-2CE0DFF35440,0x64028,0x1F5BFB0)
5:782  0:011  - [03]: Volume: PciRoot(0x0)\Pci(0x1F,0x2)\Sata(0x0,0xFFFF,0x0)
5:825  0:043  - [04]: Volume: PciRoot(0x0)\Pci(0x1F,0x2)\Sata(0x0,0xFFFF,0x0)\HD(1,GPT,36807B11-CFB6-441D-9259-C6FA662D2A22,0x800,0xF9800)
5:834  0:009          Result of bootcode detection: bootable Windows (vista,win)
5:839  0:004  - [05]: Volume: PciRoot(0x0)\Pci(0x1F,0x2)\Sata(0x0,0xFFFF,0x0)\HD(2,GPT,71FFB056-AF46-473F-9BF0-27B0B31B2FCF,0xFA000,0x32000)
5:853  0:013          Result of bootcode detection: bootable Windows (vista,win)
5:869  0:016  - [06]: Volume: PciRoot(0x0)\Pci(0x1F,0x2)\Sata(0x0,0xFFFF,0x0)\HD(3,GPT,A1914DA3-2F07-4071-9CD2-7E8419A5ABD8,0x12C000,0x8000)
5:893  0:024  - [07]: Volume: PciRoot(0x0)\Pci(0x1F,0x2)\Sata(0x0,0xFFFF,0x0)\HD(4,GPT,A16CA4DE-58F3-4F99-A5DB-334A4300DCAB,0x134000,0x57412000)
5:913  0:020          Result of bootcode detection: bootable unknown (legacy)
5:917  0:003  found 2 handles with audio
5:921  0:003  No AudioIoDevice stored
5:925  0:003  no stored audio parameters
5:928  0:003  Found Audio Device Intel Haswell HDMI (HDMI) at index 0
5:935  0:006  Found Audio Device Realtek ALC280 (Speaker) at index 1
5:939  0:004  Found Audio Device Realtek ALC280 (Headphones) at index 2
5:943  0:003  Found Audio Device Realtek ALC280 (LineOut) at index 3
5:947  0:003  === [ InitXTheme ] ==============================
5:950  0:003  use Daylight theme
5:959  0:009  Using theme 'tonymacx86' (EFI\CLOVER\themes\tonymacx86)
5:963  0:003  chosen theme tonymacx86
6:210  0:246  sound play end with status=Device Error
6:218  0:008  theme inited
6:222  0:003  Chosen theme tonymacx86
6:226  0:003  found boot-args in NVRAM:-v debug=0x100 keepsyms=1, size=26
6:229  0:003  ...found arg:-v
6:233  0:003  ...adding arg:-v
6:240  0:006  ...found arg:debug=0x100
6:243  0:003  ...adding arg:debug=0x100
6:246  0:003  ...found arg:keepsyms=1
6:250  0:003  ...adding arg:keepsyms=1
6:253  0:003  after NVRAM boot-args=dart=0 nv_disable=1 -v debug=0x100 keepsyms=1 
6:258  0:004  Scanning legacy ...
6:261  0:003  IconName=vista,win comma=5 size=9
6:267  0:005    first=os_vista
6:270  0:003  IconName=vista,win comma=5 size=9
6:273  0:003    first=os_vista
6:278  0:005  === [ Dump SMC keys from NVRAM ] ================
6:281  0:002  found AppleSMC protocol
6:289  0:007  === [ ScanLoader ] ==============================
6:291  0:002  - [01]: 'EFI'
6:300  0:008          AddLoaderEntry for Volume Name=EFI
6:303  0:002          skipped because entry is hidden
6:306  0:002  - [02]: 'Install macOS Catalina'
6:314  0:008          AddLoaderEntry for Volume Name=Install macOS Catalina
6:323  0:009  IconName=cata,mac comma=4 size=8
6:326  0:002    first=os_cata
6:329  0:003   Show badge as OSImage.    Loader entry created for 'PciRoot(0x0)\Pci(0x1D,0x0)\USB(0x1,0x0)\USB(0x5,0x0)\HD(2,GPT,C5D94BC1-A6B6-4437-8C23-2CE0DFF35440,0x64028,0x1F5BFB0)\System\Library\CoreServices\boot.efi'
6:336  0:006  - [05]: 'EFI'
6:375  0:039          AddLoaderEntry for Volume Name=EFI
6:378  0:003  IconName=vista,win comma=5 size=9
6:381  0:002    first=os_vista
6:390  0:008   Show badge as OSImage.    Loader entry created for 'PciRoot(0x0)\Pci(0x1F,0x2)\Sata(0x0,0xFFFF,0x0)\HD(2,GPT,71FFB056-AF46-473F-9BF0-27B0B31B2FCF,0xFA000,0x32000)\EFI\microsoft\Boot\bootmgfw.efi'
6:434  0:043    found entry manjaro,linux
6:438  0:004          AddLoaderEntry for Volume Name=EFI
6:442  0:003   linux image not found
6:446  0:003  IconName=linux comma=-1 size=5
6:450  0:003    Full=linux
6:453  0:003   Show badge as OSImage.    Loader entry created for 'PciRoot(0x0)\Pci(0x1F,0x2)\Sata(0x0,0xFFFF,0x0)\HD(2,GPT,71FFB056-AF46-473F-9BF0-27B0B31B2FCF,0xFA000,0x32000)\EFI\Manjaro\grubx64.efi'
6:477  0:023          AddLoaderEntry for Volume Name=EFI
6:482  0:004          skipped because entry is hidden
6:486  0:004  === [ AddCustomTool ] ===========================
6:491  0:004  === [ GetEfiBootDeviceFromNvram ] ===============
6:494  0:003  Default boot entry not found
6:498  0:003  BannerPlace at Clear Screen [770,232]
6:535  0:036  AnimeRun=0
6:573  0:038  GUI ready
8:161  1:588  Boot option Boot0000 not found
8:167  0:005  === [ StartLoader ] =============================
8:170  0:003  Finally: ExternalClock=25MHz BusSpeed=99769kHz CPUFreq=3193MHz PIS: hw.busfrequency=100000000Hz
8:178  0:007  start loader
8:182  0:003  Loading boot.efi  status=Success
8:391  0:209  GetOSVersion: 10.15.6 (19G2006)
8:399  0:008  CSR_CFG: CSR_ALLOW_UNTRUSTED_KEXTS | CSR_ALLOW_UNRESTRICTED_FS
8:402  0:003  Filtering KextPatches:
8:406  0:003   - [00]: com.apple.iokit.IOUSBHostFamily (USB port limit patch #1 10.15.x by pmheart, daliansky and ydeng) :: BinPatch :: [OS: 10.15.6 | MatchOS: 10.15.x | MatchBuild: All] ==> allowed
8:416  0:009   - [01]: com.apple.driver.usb.AppleUSBXHCI (USB port limit patch #2 10.15.x by pmheart, daliansky and ydeng) :: BinPatch :: [OS: 10.15.6 | MatchOS: 10.15.x | MatchBuild: All] ==> allowed
8:423  0:007  Will not patch boot.efi
8:427  0:003  === [ PatchSmbios ] =============================
8:430  0:003  insert table 9 for dev 0:0
8:441  0:010  Table 11 present, but rewritten for us
8:448  0:007  Detected alternating SMBIOS channel banks
8:452  0:003  Channels: 2
8:458  0:006  Interleave: 0 2 1 3 4 6 5 7 8 10 9 11 12 14 13 15 16 18 17 19 20 22 21 23
8:544  0:085  SPD data in use:
8:547  0:002  SmbiosTable.Type17->Vendor = NoName
8:550  0:002  SmbiosTable.Type17->SerialNumber = 05650B3B
8:553  0:002  SmbiosTable.Type17->PartNumber = 
8:556  0:002  SMBIOS Type 17 Index = 0 => 0 0:
8:559  0:002  BANK 0 DIMM0 1600MHz 8192MB(Ext:0MB)
8:564  0:005  SPD data in use:
8:567  0:002  SmbiosTable.Type17->Vendor = Crucial Technology
8:570  0:002  SmbiosTable.Type17->SerialNumber = A60CD6D7
8:573  0:002  SmbiosTable.Type17->PartNumber = BLS8G3D1339DS1S00.
8:577  0:004  SMBIOS Type 17 Index = 1 => 1 2:
8:580  0:003  BANK 1 DIMM0 1600MHz 8192MB(Ext:0MB)
8:583  0:002  mTotalSystemMemory = 16384
8:586  0:003  NumberOfMemoryDevices = 2
8:589  0:002  Type20[0]->End = 0x7FFFFF, Type17[0] = 2000
8:592  0:002  Type20[1]->End = 0xFFFFFF, Type17[1] = 6000
8:597  0:005  Table 131 is present, CPUType=14
8:600  0:003  Change to: 605
8:603  0:002  === [ PatchACPI ] ===============================
8:606  0:002  Xsdt reallocation done
8:609  0:002  old FADT length=10C
8:612  0:002   SignatureFixup: 0x15 -> 0x0
8:616  0:004  Apply DsdtFixMask=0x00000000
8:619  0:002  === [ FixBiosDsdt ] =============================
8:622  0:003    0 replacements
8:625  0:003  PreCleanup XSDT: count=14, length=148
8:628  0:002  PreCleanup XSDT, corrected XSDT: count=14, length=148
8:633  0:005  === [ ACPIPatchedAML ] ==========================
8:637  0:003  AutoMerge pass 1
8:640  0:002  Unsorted
8:642  0:002  Inserting SSDT-XOSI.aml from EFI\CLOVER\ACPI\patched: ignore on pass 1
8:648  0:005  Inserting SSDT-EC.AML from EFI\CLOVER\ACPI\patched: ignore on pass 1
8:654  0:005  === [ ACPIDropTables ] ==========================
8:657  0:003    0 replacements
8:660  0:002    0 replacements
8:663  0:002  Found OperationRegion(PPMT, SystemMemory, DA7FFE18, ...)
8:668  0:005    0 replacements
8:671  0:002    0 replacements
8:674  0:002    0 replacements
8:677  0:002  Found OperationRegion(SANV, SystemMemory, DA7FDC18, ...)
8:679  0:002  Found OperationRegion(CCDC, SystemMemory, 80000000, ...)
8:682  0:002  === [ ACPIPatchedAML ] ==========================
8:685  0:002  AutoMerge pass 2
8:688  0:002  Unsorted
8:691  0:002  Inserting SSDT-XOSI.aml from EFI\CLOVER\ACPI\patched: size=162 ... Success
8:701  0:010  Inserting SSDT-EC.AML from EFI\CLOVER\ACPI\patched: size=63 ... Success
8:713  0:011  ApicCPUNum=4
8:716  0:002  Cleanup XSDT: count=16, length=164
8:719  0:002  corrected XSDT count=16, length=164
8:722  0:002  === [ RestSetup macOS ] =========================
8:725  0:002  Intel HD Graphics 4600 [8086:0412] :: PciRoot(0x0)\Pci(0x2,0x0)
8:727  0:002    FakeID Intel GFX = 0x12345678
8:730  0:002    Intel: no default properties
8:733  0:002  Intel GFX revision  = 0x6
8:736  0:002   setting specified layout-id=1 (0x1)
8:739  0:002   setting specified layout-id=1 (0x1)
8:744  0:005  stringlength = 1060
8:747  0:002  CurrentMode: Width=1680 Height=1050
8:750  0:002  Beginning FSInjection
8:758  0:007  Use origin smbios table type 1 guid.
8:763  0:004  Preparing kexts injection for arch=x86_64 from EFI\CLOVER\kexts\Other
8:766  0:003  ->Extra kext: EFI\CLOVER\kexts\Other\USBInjectAll.kext (v.0.7.1)
8:947  0:181  ->Extra kext: EFI\CLOVER\kexts\Other\AppleALC.kext (v.1.4.0)
9:473  0:526  ->Extra kext: EFI\CLOVER\kexts\Other\AHCI_3rdParty_SATA.kext (v.0.6)
9:522  0:048  ->Extra kext: EFI\CLOVER\kexts\Other\WhateverGreen.kext (v.1.4.0)
9:588  0:066  ->Extra kext: EFI\CLOVER\kexts\Other\VirtualSMC.kext (v.1.1.4)
9:629  0:041  ->Extra kext: EFI\CLOVER\kexts\Other\RealtekRTL8111.kext (v.2.2.2)
9:691  0:061  ->Extra kext: EFI\CLOVER\kexts\Other\Lilu.kext (v.1.4.5)
9:720  0:028  ->Extra kext: EFI\CLOVER\kexts\Other\AHCI_Intel_Generic_SATA.kext (v.0.4)
9:736  0:016  Preparing kexts injection for arch=x86_64 from EFI\CLOVER\kexts\Off
9:740  0:003  Preparing kexts injection for arch=x86_64 from EFI\CLOVER\kexts\10
9:746  0:006  Preparing kexts injection for arch=x86_64 from EFI\CLOVER\kexts\10_install
9:750  0:003  Preparing kexts injection for arch=x86_64 from EFI\CLOVER\kexts\10.15
9:754  0:003  Preparing kexts injection for arch=x86_64 from EFI\CLOVER\kexts\10.15_install
9:757  0:003  Preparing kexts injection for arch=x86_64 from EFI\CLOVER\kexts\10.15.6
9:761  0:003  Preparing kexts injection for arch=x86_64 from EFI\CLOVER\kexts\10.15.6_install
9:770  0:009  Custom boot screen not used because entry has unset use graphics
9:775  0:004  Closing log
9:779  0:004  start image 'boot.efi'
9:782  0:003  Using load options 'boot.efi dart=0 nv_disable=1 -v debug=0x100 keepsyms=1 '
0:100  0:100  MemLog inited, TSC freq: 3192601710
0:100  0:000  CPU was calibrated with ACPI PM Timer
0:100  0:000  
0:100  0:000  Now is 06.08.2020,  22:03:32 (GMT)
0:100  0:000  Starting Clover revision: 5119 (HEAD, commit 0f5da727e) on American Megatrends EFI
0:100  0:000  Build with: [Args: -D NO_GRUB_DRIVERS_EMBEDDED -t GCC53 | -D NO_GRUB_DRIVERS_EMBEDDED --conf=/Users/macman/CloverBootloader/Conf -D USE_LOW_EBDA -a X64 -b RELEASE -t GCC53 -n 17 | OS: 10.14.6]
0:100  0:000  SelfDevicePath=PciRoot(0x0)\Pci(0x1D,0x0)\USB(0x1,0x0)\USB(0x5,0x0)\HD(1,GPT,F788900C-280A-4E02-A679-780D75B9B161,0x28,0x64000) @D1CB3018
0:100  0:000  SelfDirPath = \EFI\BOOT
0:101  0:001  Clover : Image base = 0xD593E000
0:101  0:000  SimpleTextEx Status=Success
0:101  0:000  === [ Get Smbios ] ==============================
0:101  0:000  Type 16 Index = 0
0:101  0:000  Total Memory Slots Count = 2
0:101  0:000  Type 17 Index = 0
0:101  0:000  SmbiosTable.Type17->Speed = 1600MHz
0:101  0:000  SmbiosTable.Type17->Size = 8192MB
0:101  0:000  SmbiosTable.Type17->Bank/Device =  DIMM1
0:101  0:000  SmbiosTable.Type17->Vendor = 0000
0:101  0:000  SmbiosTable.Type17->SerialNumber = 03B00B065005
0:101  0:000  SmbiosTable.Type17->PartNumber =                   
0:101  0:000  Type 17 Index = 1
0:101  0:000  SmbiosTable.Type17->Speed = 1333MHz
0:101  0:000  SmbiosTable.Type17->Size = 8192MB
0:101  0:000  SmbiosTable.Type17->Bank/Device =  DIMM2
0:101  0:000  SmbiosTable.Type17->Vendor = 1315
0:101  0:000  SmbiosTable.Type17->SerialNumber = 0D70D600C0A6
0:101  0:000  SmbiosTable.Type17->PartNumber = BLS8G3D1339DS1S00.
0:101  0:000  Boot status=0
0:101  0:000  Running on: 'OptiPlex 3020' with board '0VHWTR'
0:101  0:000  === [ GetCPUProperties ] ========================
0:101  0:000  CPU Vendor = 756E6547 Model=306C3
0:101  0:000   The CPU supported SSE4.1
0:101  0:000  BrandString = Intel(R) Core(TM) i5-4570 CPU @ 3.20GHz
0:101  0:000   The CPU supported turbo
0:101  0:000  MSR 0x35               40004
0:101  0:000  MSR 0xE2 before patch 1E008405
0:101  0:000  MSR 0xE2 is locked, PM patches will be turned on
0:101  0:000  MSR 0xCE              00080838_F3012000
0:101  0:000  corrected FLEX_RATIO = 0
0:101  0:000  MSR 0x1B0             00000000
0:101  0:000  FSBFrequency = 100 MHz, DMI FSBFrequency = 100 MHz, Corrected FSBFrequency = 100 MHz
0:101  0:000  MaxDiv/MinDiv: 32.0/8
0:101  0:000  Turbo: 34/35/36/36
0:101  0:000  Features: 0x77FAFBFFBFEBFBFF
0:101  0:000  Threads: 4
0:101  0:000  Cores: 4
0:101  0:000  FSB: 100 MHz
0:101  0:000  CPU: 3200 MHz
0:101  0:000  TSC: 3200 MHz
0:101  0:000  PIS: 100 MHz
0:101  0:000  ExternalClock: 25 MHz
0:101  0:000  === [ GetDevices ] ==============================
0:101  0:000  GOP found at: PciRoot(0x0)/Pci(0x2,0x0)/AcpiAdr(0x80010100)
0:101  0:000  PCI (00|00:00.00) : 8086 0C00 class=060000
0:101  0:000  PCI (00|00:02.00) : 8086 0412 class=030000
0:101  0:000   - GOP: Provided by device
0:101  0:000   - GFX: Model=Intel HD Graphics 4600 (Intel)
0:101  0:000  PCI (00|00:03.00) : 8086 0C0C class=040300
0:101  0:000  PCI (00|00:14.00) : 8086 8C31 class=0C0330
0:101  0:000  PCI (00|00:16.00) : 8086 8C3A class=078000
0:101  0:000  PCI (00|00:16.01) : FFFF FFFF class=FFFFFF
0:101  0:000  PCI (00|00:1A.00) : 8086 8C2D class=0C0320
0:101  0:000  PCI (00|00:1B.00) : 8086 8C20 class=040300
0:101  0:000  PCI (00|00:1C.00) : 8086 8C10 class=060400
0:101  0:000  PCI (00|00:1C.03) : 8086 8C16 class=060400
0:101  0:000  PCI (00|02:00.00) : 10EC 8168 class=020000
0:101  0:000   - LAN: 0 Vendor=Realtek
0:101  0:000  PCI (00|00:1D.00) : 8086 8C26 class=0C0320
0:101  0:000  PCI (00|00:1F.00) : 8086 8C5C class=060100
0:101  0:000  PCI (00|00:1F.02) : 8086 8C02 class=010601
0:101  0:000  PCI (00|00:1F.03) : 8086 8C22 class=0C0500
0:101  0:000  PCI (00|00:1F.06) : FFFF FFFF class=FFFFFF
0:101  0:000  === [ GetDefaultSettings ] ======================
0:101  0:000  Clover load options size = 154 bytes
0:105  0:004  CheckOEMPathExists tried EFI\CLOVER\OEM\OptiPlex 3020--00-00-00-00-00-00. Dir not exists
0:105  0:000  CheckOEMPathExists tried EFI\CLOVER\OEM\0VHWTR\UEFI. Dir not exists
0:105  0:000  CheckOEMPathExists tried EFI\CLOVER\OEM\OptiPlex 3020. Dir not exists
0:105  0:000  CheckOEMPathExists tried EFI\CLOVER\OEM\OptiPlex 3020-3200. Dir not exists
0:105  0:000  CheckOEMPathExists tried EFI\CLOVER\OEM\0VHWTR. Dir not exists
0:105  0:000  CheckOEMPathExists tried EFI\CLOVER\OEM\0VHWTR-3200. Dir not exists
0:105  0:000  set OEMPath by default: EFI\CLOVER
0:105  0:000  EFI\CLOVER\.plist not loaded with name from LoadOptions: Not Found
0:105  0:000  CheckOEMPathExists tried EFI\CLOVER\OEM\OptiPlex 3020--00-00-00-00-00-00. Dir not exists
0:105  0:000  CheckOEMPathExists tried EFI\CLOVER\OEM\0VHWTR\UEFI. Dir not exists
0:105  0:000  CheckOEMPathExists tried EFI\CLOVER\OEM\OptiPlex 3020. Dir not exists
0:105  0:000  CheckOEMPathExists tried EFI\CLOVER\OEM\OptiPlex 3020-3200. Dir not exists
0:105  0:000  CheckOEMPathExists tried EFI\CLOVER\OEM\0VHWTR. Dir not exists
0:105  0:000  CheckOEMPathExists tried EFI\CLOVER\OEM\0VHWTR-3200. Dir not exists
0:105  0:000  set OEMPath by default: EFI\CLOVER
0:107  0:001  EFI\CLOVER\config.plist loaded: Success
0:107  0:000  === [ GetListOfThemes ] =========================
0:108  0:000  - [00]: EMBEDDED
0:110  0:001  - [00]: RANDOM
0:112  0:001  - [00]: tonymacx86
0:116  0:003  === [ Found config plists ] =====================
0:116  0:000  - config.plist
0:116  0:000  === [ GetEarlyUserSettings ] ====================
0:116  0:000  timeout set to 3
0:116  0:000  Custom boot CUSTOM_BOOT_DISABLED (0x0)
0:261  0:144   get BlueValue=1.200000
0:264  0:003  KextsToPatch: 2 requested
0:268  0:003   - [00]: com.apple.iokit.IOUSBHostFamily (USB port limit patch #1 10.15.x by pmheart, daliansky and ydeng) :: MatchOS: 10.15.x :: BinPatch :: data len: 4
0:290  0:022   - [01]: com.apple.driver.usb.AppleUSBXHCI (USB port limit patch #2 10.15.x by pmheart, daliansky and ydeng) :: MatchOS: 10.15.x :: BinPatch :: data len: 4
0:310  0:019  Default theme: tonymacx86
0:313  0:003  Hiding entries with string Windows
0:316  0:003  Hiding entries with string BOOTX64.EFI
0:319  0:003  === [ LoadDrivers ] =============================
0:325  0:005  Loading ApfsDriverLoader.efi  status=Success
0:341  0:016   - driver needs connecting
0:344  0:002  Loading AptioMemoryFix.efi  status=Success
0:359  0:015  Loading AudioDxe.efi  status=Success
0:373  0:014   - driver needs connecting
0:376  0:002  Loading DataHubDxe.efi  status=Success
0:393  0:016  Loading FSInject.efi  status=Success
0:408  0:015  Loading VBoxHfs.efi  status=Success
0:423  0:015   - driver needs connecting
0:427  0:003  Loading VirtualSmc.efi  status=Success
0:539  0:112  3 drivers needs connecting ...
0:544  0:004  PlatformDriverOverrideProtocol->GetDriver overriden
0:550  0:006  APFS driver loaded
0:554  0:003  Searching for invalid DiskIo BY_DRIVER connects: not found, all ok
4:799  4:245  === [ InitScreen ] ==============================
4:805  0:005  Console modes reported: 4, available modes:
4:808  0:003   - [01]: 80x25
4:812  0:003   - [02]: 80x50
4:815  0:003   - [03]: 100x31
4:818  0:003   - [04]: 128x40 (current mode)
4:823  0:004  SetScreenResolution: 1920x1080 - not found!
4:830  0:007  SetMaxResolution: found best mode 4: 1680x1050
5:012  0:181  Video mode change to mode #4: Success
5:016  0:004   - set
5:020  0:004  reinit: self device path=PciRoot(0x0)\Pci(0x1D,0x0)\USB(0x1,0x0)\USB(0x5,0x0)\HD(1,GPT,F788900C-280A-4E02-A679-780D75B9B161,0x28,0x64000)
5:024  0:003  new SelfHandle=D1CB3018
5:030  0:005  Using embedded font
5:122  0:092  === [ GetMacAddress ] ===========================
5:127  0:004  MAC address of LAN #0= F8:BC:12:5E:18:C1:
5:158  0:031  === [ ScanSPD ] =================================
5:165  0:006  Scanning SMBus [8086:8C22], mmio: 0xF7D19004, ioport: 0xF040, hostc: 0x11
5:180  0:014  Slot: 0 Type 24 8192MB 1600MHz Vendor=NoName PartNo= SerialNo=05650B3B
5:202  0:022  Slot: 2 Type 24 8192MB 1333MHz Vendor=Crucial Technology PartNo=BLS8G3D1339DS1S00. SerialNo=A60CD6D7
5:207  0:004  === [ GetAcpiTablesList ] =======================
5:210  0:003  Get Acpi Tables List from RSDT:
5:219  0:009   - [00]: FACP  CBX3    len=132
5:223  0:003   - [01]: APIC  CBX3    len=114
5:230  0:006   - [02]: FPDT  CBX3    len=68
5:233  0:003   - [03]: SLIC  CBX3    len=374
5:237  0:003   - [04]: LPIT  CBX3    len=92
5:242  0:005   - [05]: SSDT  Cpu0Ist len=1337
5:246  0:003   - [06]: SSDT  CpuPm len=2776
5:249  0:003   - [07]: SSDT  LakeTiny len=455
5:253  0:003   - [08]: HPET  CBX3    len=56
5:256  0:003   - [09]: SSDT  SataTabl len=877
5:259  0:002   - [10]: MCFG  CBX3    len=60
5:263  0:004   - [11]: SSDT  SaSsdt  len=13537
5:267  0:003   - [12]: MSDM  CBX3    len=85
5:270  0:003   - [13]: BGRT   len=56
5:276  0:006  Calibrated TSC Frequency = 3192601710 = 3192MHz
5:280  0:003  === [ GetUserSettings ] =========================
5:283  0:003  USB FixOwnership: no
5:286  0:003  Dropping 1 tables:
5:289  0:003   - [00]: Drop table  signature="MATS" (5354414D)
5:297  0:008  ----
5:300  0:002           - set table: 5354414D,                0 to drop: no
5:306  0:005   - final DSDT Fix mask=00000000
5:309  0:002  Using ProductName from config: iMac14,2
5:312  0:002  BiosVersion: not set, Using BiosVersion from clover
5:317  0:005  BiosVersion: IM142.88Z.F000.B00.2004121453
5:320  0:002  BiosReleaseDate: 04/12/2020
5:323  0:002  Using EfiVersion from clover: 143.0.0.0.0
5:326  0:002  Using FirmwareFeatures from clover: 0xE00FE137
5:329  0:002  Using FirmwareFeaturesMask from clover: 0xFF1FFF3F
5:332  0:003  Using PlatformFeature from clover: 0x1
5:336  0:004  === [ Found DSDT tables ] =======================
5:775  0:438  === [ ScanVolumes ] =============================
5:785  0:010  Found 8 volumes with blockIO
5:788  0:003  - [00]: Volume: PciRoot(0x0)\Pci(0x1D,0x0)\USB(0x1,0x0)\USB(0x5,0x0)
5:797  0:008  - [01]: Volume: PciRoot(0x0)\Pci(0x1D,0x0)\USB(0x1,0x0)\USB(0x5,0x0)\HD(1,GPT,F788900C-280A-4E02-A679-780D75B9B161,0x28,0x64000)
5:805  0:008          Result of bootcode detection: bootable unknown (legacy)
5:818  0:013          This is SelfVolume !!
5:822  0:003  - [02]: Volume: PciRoot(0x0)\Pci(0x1D,0x0)\USB(0x1,0x0)\USB(0x5,0x0)\HD(2,GPT,C5D94BC1-A6B6-4437-8C23-2CE0DFF35440,0x64028,0x1F5BFB0)
5:838  0:015  - [03]: Volume: PciRoot(0x0)\Pci(0x1F,0x2)\Sata(0x0,0xFFFF,0x0)
5:875  0:037  - [04]: Volume: PciRoot(0x0)\Pci(0x1F,0x2)\Sata(0x0,0xFFFF,0x0)\HD(1,GPT,36807B11-CFB6-441D-9259-C6FA662D2A22,0x800,0xF9800)
5:885  0:009          Result of bootcode detection: bootable Windows (vista,win)
5:888  0:003  - [05]: Volume: PciRoot(0x0)\Pci(0x1F,0x2)\Sata(0x0,0xFFFF,0x0)\HD(2,GPT,71FFB056-AF46-473F-9BF0-27B0B31B2FCF,0xFA000,0x32000)
5:903  0:015          Result of bootcode detection: bootable Windows (vista,win)
5:920  0:016  - [06]: Volume: PciRoot(0x0)\Pci(0x1F,0x2)\Sata(0x0,0xFFFF,0x0)\HD(3,GPT,A1914DA3-2F07-4071-9CD2-7E8419A5ABD8,0x12C000,0x8000)
5:932  0:012  - [07]: Volume: PciRoot(0x0)\Pci(0x1F,0x2)\Sata(0x0,0xFFFF,0x0)\HD(4,GPT,A16CA4DE-58F3-4F99-A5DB-334A4300DCAB,0x134000,0x57412000)
5:942  0:009          Result of bootcode detection: bootable unknown (legacy)
5:945  0:003  found 2 handles with audio
5:949  0:003  No AudioIoDevice stored
5:953  0:003  no stored audio parameters
5:959  0:006  Found Audio Device Intel Haswell HDMI (HDMI) at index 0
5:963  0:003  Found Audio Device Realtek ALC280 (Speaker) at index 1
5:967  0:003  Found Audio Device Realtek ALC280 (Headphones) at index 2
5:971  0:003  Found Audio Device Realtek ALC280 (LineOut) at index 3
5:974  0:003  === [ InitXTheme ] ==============================
5:979  0:004  use Daylight theme
5:988  0:009  Using theme 'tonymacx86' (EFI\CLOVER\themes\tonymacx86)
5:992  0:003  chosen theme tonymacx86
6:249  0:256  sound play end with status=Device Error
6:255  0:006  theme inited
6:258  0:003  Chosen theme tonymacx86
6:262  0:004  found boot-args in NVRAM:-v debug=0x100 keepsyms=1, size=26
6:267  0:004  ...found arg:-v
6:270  0:003  ...adding arg:-v
6:274  0:003  ...found arg:debug=0x100
6:277  0:003  ...adding arg:debug=0x100
6:281  0:003  ...found arg:keepsyms=1
6:285  0:003  ...adding arg:keepsyms=1
6:288  0:003  after NVRAM boot-args=dart=0 nv_disable=1 -v debug=0x100 keepsyms=1 
6:297  0:008  Scanning legacy ...
6:302  0:005  IconName=vista,win comma=5 size=9
6:305  0:003    first=os_vista
6:309  0:003  IconName=vista,win comma=5 size=9
6:312  0:003    first=os_vista
6:315  0:003  === [ Dump SMC keys from NVRAM ] ================
6:318  0:003  found AppleSMC protocol
6:326  0:007  === [ ScanLoader ] ==============================
6:329  0:003  - [01]: 'EFI'
6:337  0:007          AddLoaderEntry for Volume Name=EFI
6:340  0:003          skipped because entry is hidden
6:343  0:003  - [02]: 'Install macOS Catalina'
6:355  0:011          AddLoaderEntry for Volume Name=Install macOS Catalina
6:363  0:007  IconName=cata,mac comma=4 size=8
6:367  0:003    first=os_cata
6:370  0:003   Show badge as OSImage.    Loader entry created for 'PciRoot(0x0)\Pci(0x1D,0x0)\USB(0x1,0x0)\USB(0x5,0x0)\HD(2,GPT,C5D94BC1-A6B6-4437-8C23-2CE0DFF35440,0x64028,0x1F5BFB0)\System\Library\CoreServices\boot.efi'
6:378  0:007  - [05]: 'EFI'
6:414  0:036          AddLoaderEntry for Volume Name=EFI
6:422  0:007  IconName=vista,win comma=5 size=9
6:426  0:004    first=os_vista
6:430  0:003   Show badge as OSImage.    Loader entry created for 'PciRoot(0x0)\Pci(0x1F,0x2)\Sata(0x0,0xFFFF,0x0)\HD(2,GPT,71FFB056-AF46-473F-9BF0-27B0B31B2FCF,0xFA000,0x32000)\EFI\microsoft\Boot\bootmgfw.efi'
6:472  0:042    found entry manjaro,linux
6:478  0:005          AddLoaderEntry for Volume Name=EFI
6:482  0:003   linux image not found
6:485  0:003  IconName=linux comma=-1 size=5
6:489  0:003    Full=linux
6:493  0:003   Show badge as OSImage.    Loader entry created for 'PciRoot(0x0)\Pci(0x1F,0x2)\Sata(0x0,0xFFFF,0x0)\HD(2,GPT,71FFB056-AF46-473F-9BF0-27B0B31B2FCF,0xFA000,0x32000)\EFI\Manjaro\grubx64.efi'
6:516  0:023          AddLoaderEntry for Volume Name=EFI
6:520  0:003          skipped because entry is hidden
6:524  0:003  === [ AddCustomTool ] ===========================
6:528  0:004  === [ GetEfiBootDeviceFromNvram ] ===============
6:532  0:004  Default boot entry not found
6:536  0:003  BannerPlace at Clear Screen [770,232]
6:604  0:067  AnimeRun=0
6:673  0:068  GUI ready
8:104  1:430  Boot option Boot0000 not found
8:108  0:004  === [ StartLoader ] =============================
8:113  0:004  Finally: ExternalClock=25MHz BusSpeed=99769kHz CPUFreq=3193MHz PIS: hw.busfrequency=100000000Hz
8:120  0:007  start loader
8:124  0:003  Loading boot.efi  status=Success
8:376  0:251  GetOSVersion: 10.15.6 (19G2006)
8:384  0:008  CSR_CFG: CSR_ALLOW_UNTRUSTED_KEXTS | CSR_ALLOW_UNRESTRICTED_FS
8:388  0:003  Filtering KextPatches:
8:397  0:008   - [00]: com.apple.iokit.IOUSBHostFamily (USB port limit patch #1 10.15.x by pmheart, daliansky and ydeng) :: BinPatch :: [OS: 10.15.6 | MatchOS: 10.15.x | MatchBuild: All] ==> allowed
8:404  0:007   - [01]: com.apple.driver.usb.AppleUSBXHCI (USB port limit patch #2 10.15.x by pmheart, daliansky and ydeng) :: BinPatch :: [OS: 10.15.6 | MatchOS: 10.15.x | MatchBuild: All] ==> allowed
8:413  0:008  Will not patch boot.efi
8:417  0:003  === [ PatchSmbios ] =============================
8:423  0:006  insert table 9 for dev 0:0
8:426  0:003  Table 11 present, but rewritten for us
8:430  0:004  Detected alternating SMBIOS channel banks
8:434  0:003  Channels: 2
8:437  0:003  Interleave: 0 2 1 3 4 6 5 7 8 10 9 11 12 14 13 15 16 18 17 19 20 22 21 23
8:524  0:086  SPD data in use:
8:527  0:003  SmbiosTable.Type17->Vendor = NoName
8:532  0:004  SmbiosTable.Type17->SerialNumber = 05650B3B
8:536  0:003  SmbiosTable.Type17->PartNumber = 
8:539  0:003  SMBIOS Type 17 Index = 0 => 0 0:
8:544  0:005  BANK 0 DIMM0 1600MHz 8192MB(Ext:0MB)
8:547  0:003  SPD data in use:
8:551  0:003  SmbiosTable.Type17->Vendor = Crucial Technology
8:554  0:003  SmbiosTable.Type17->SerialNumber = A60CD6D7
8:557  0:003  SmbiosTable.Type17->PartNumber = BLS8G3D1339DS1S00.
8:560  0:003  SMBIOS Type 17 Index = 1 => 1 2:
8:563  0:003  BANK 1 DIMM0 1600MHz 8192MB(Ext:0MB)
8:567  0:003  mTotalSystemMemory = 16384
8:570  0:003  NumberOfMemoryDevices = 2
8:576  0:006  Type20[0]->End = 0x7FFFFF, Type17[0] = 2000
8:581  0:005  Type20[1]->End = 0xFFFFFF, Type17[1] = 6000
8:584  0:003  Table 131 is present, CPUType=35
8:587  0:002  Change to: 605
8:590  0:003  === [ PatchACPI ] ===============================
8:593  0:002  Xsdt reallocation done
8:596  0:002  old FADT length=10C
8:599  0:002   SignatureFixup: 0x16 -> 0x0
8:603  0:004  Apply DsdtFixMask=0x00000000
8:606  0:002  === [ FixBiosDsdt ] =============================
8:609  0:003    0 replacements
8:613  0:003  PreCleanup XSDT: count=14, length=148
8:618  0:005  PreCleanup XSDT, corrected XSDT: count=14, length=148
8:621  0:002  === [ ACPIPatchedAML ] ==========================
8:623  0:002  AutoMerge pass 1
8:626  0:002  Unsorted
8:629  0:002  Inserting SSDT-XOSI.aml from EFI\CLOVER\ACPI\patched: ignore on pass 1
8:636  0:006  Inserting SSDT-EC.AML from EFI\CLOVER\ACPI\patched: ignore on pass 1
8:642  0:005  === [ ACPIDropTables ] ==========================
8:645  0:002    0 replacements
8:648  0:002    0 replacements
8:650  0:002  Found OperationRegion(PPMT, SystemMemory, DA7FFE18, ...)
8:655  0:004    0 replacements
8:658  0:002    0 replacements
8:661  0:003    0 replacements
8:664  0:002  Found OperationRegion(SANV, SystemMemory, DA7FDC18, ...)
8:667  0:002  Found OperationRegion(CCDC, SystemMemory, 80000000, ...)
8:670  0:002  === [ ACPIPatchedAML ] ==========================
8:673  0:002  AutoMerge pass 2
8:676  0:002  Unsorted
8:678  0:002  Inserting SSDT-XOSI.aml from EFI\CLOVER\ACPI\patched: size=162 ... Success
8:691  0:012  Inserting SSDT-EC.AML from EFI\CLOVER\ACPI\patched: size=63 ... Success
8:701  0:009  ApicCPUNum=4
8:704  0:002  Cleanup XSDT: count=16, length=164
8:707  0:003  corrected XSDT count=16, length=164
8:710  0:002  === [ RestSetup macOS ] =========================
8:713  0:002  Intel HD Graphics 4600 [8086:0412] :: PciRoot(0x0)\Pci(0x2,0x0)
8:716  0:002    FakeID Intel GFX = 0x12345678
8:719  0:002    Intel: no default properties
8:721  0:002  Intel GFX revision  = 0x6
8:724  0:002   setting specified layout-id=1 (0x1)
8:729  0:005   setting specified layout-id=1 (0x1)
8:733  0:003  stringlength = 1060
8:735  0:002  CurrentMode: Width=1680 Height=1050
8:738  0:002  Beginning FSInjection
8:746  0:007  Use origin smbios table type 1 guid.
8:750  0:003  Preparing kexts injection for arch=x86_64 from EFI\CLOVER\kexts\Other
8:754  0:003  ->Extra kext: EFI\CLOVER\kexts\Other\USBInjectAll.kext (v.0.7.1)
8:938  0:184  ->Extra kext: EFI\CLOVER\kexts\Other\AppleALC.kext (v.1.4.0)
9:528  0:590  ->Extra kext: EFI\CLOVER\kexts\Other\AHCI_3rdParty_SATA.kext (v.0.6)
9:574  0:045  ->Extra kext: EFI\CLOVER\kexts\Other\WhateverGreen.kext (v.1.4.0)
9:636  0:062  ->Extra kext: EFI\CLOVER\kexts\Other\VirtualSMC.kext (v.1.1.4)
9:677  0:040  ->Extra kext: EFI\CLOVER\kexts\Other\RealtekRTL8111.kext (v.2.2.2)
9:738  0:061  ->Extra kext: EFI\CLOVER\kexts\Other\Lilu.kext (v.1.4.5)
9:767  0:028  ->Extra kext: EFI\CLOVER\kexts\Other\AHCI_Intel_Generic_SATA.kext (v.0.4)
9:784  0:017  Preparing kexts injection for arch=x86_64 from EFI\CLOVER\kexts\Off
9:792  0:007  Preparing kexts injection for arch=x86_64 from EFI\CLOVER\kexts\10
9:795  0:003  Preparing kexts injection for arch=x86_64 from EFI\CLOVER\kexts\10_install
9:799  0:003  Preparing kexts injection for arch=x86_64 from EFI\CLOVER\kexts\10.15
9:803  0:004  Preparing kexts injection for arch=x86_64 from EFI\CLOVER\kexts\10.15_install
9:807  0:003  Preparing kexts injection for arch=x86_64 from EFI\CLOVER\kexts\10.15.6
9:812  0:005  Preparing kexts injection for arch=x86_64 from EFI\CLOVER\kexts\10.15.6_install
9:819  0:007  Custom boot screen not used because entry has unset use graphics
9:824  0:004  Closing log
9:827  0:003  start image 'boot.efi'
9:831  0:003  Using load options 'boot.efi dart=0 nv_disable=1 -v debug=0x100 keepsyms=1 '
